
synthesis -f "Interface_BH1750_impl_Interface_BH1750_lattice.synproj"
synthesis:  version Diamond (64-bit) 3.8.0.115.3

Copyright (c) 1991-1994 by NeoCAD Inc. All rights reserved.
Copyright (c) 1995 AT&T Corp.   All rights reserved.
Copyright (c) 1995-2001 Lucent Technologies Inc.  All rights reserved.
Copyright (c) 2001 Agere Systems   All rights reserved.
Copyright (c) 2002-2016 Lattice Semiconductor Corporation,  All rights reserved.
Sun Jun 11 18:52:42 2017


Command Line:  synthesis -f Interface_BH1750_impl_Interface_BH1750_lattice.synproj -gui -msgset C:/Users/22822/Desktop/demo/Sensor_Board_Demo/Interface_BH1750/promote.xml 

    <postMsg mid="35002000" type="Info"    dynamic="0" navigation="0"  />
Synthesis options:
The -a option is MachXO2.
The -s option is 4.
The -t option is CSBGA132.
The -d option is LCMXO2-4000HC.
Using package CSBGA132.
Using performance grade 4.
                                                          

##########################################################

### Lattice Family : MachXO2

### Device  : LCMXO2-4000HC

### Package : CSBGA132

### Speed   : 4

##########################################################

                                                          

Optimization goal = Balanced
The -top option is not used.
Target frequency = 1.000000 MHz.
Maximum fanout = 1000.
Timing path count = 3
BRAM utilization = 100.000000 %
DSP usage = true
DSP utilization = 100.000000 %
fsm_encoding_style = auto
resolve_mixed_drivers = 0
fix_gated_clocks = 1

Mux style = Auto
Use Carry Chain = true
carry_chain_length = 0
Loop Limit = 1950.
Use IO Insertion = TRUE
Use IO Reg = AUTO

Resource Sharing = TRUE
Propagate Constants = TRUE
Remove Duplicate Registers = TRUE
force_gsr = auto
ROM style = auto
RAM style = auto
The -comp option is FALSE.
The -syn option is FALSE.
-p C:/Users/22822/Desktop/demo/Sensor_Board_Demo/Interface_BH1750 (searchpath added)
-p C:/lscc/diamond/3.8_x64/ispfpga/xo2c00/data (searchpath added)
-p C:/Users/22822/Desktop/demo/Sensor_Board_Demo/Interface_BH1750/impl_Interface_BH1750 (searchpath added)
-p C:/Users/22822/Desktop/demo/Sensor_Board_Demo/Interface_BH1750 (searchpath added)
Verilog design file = C:/Users/22822/Desktop/demo/Sensor_Board_Demo/Interface_BH1750/Interface_BH1750.v
Verilog design file = C:/Users/22822/Desktop/demo/Sensor_Board_Demo/Interface_BH1750/BH1750.v
Verilog design file = C:/Users/22822/Desktop/demo/Sensor_Board_Demo/Interface_BH1750/Data_Process.v
Verilog design file = C:/Users/22822/Desktop/demo/Sensor_Board_Demo/Interface_BH1750/BIN_To_BCD.v
Verilog design file = C:/Users/22822/Desktop/demo/Sensor_Board_Demo/Interface_BH1750/seg_led.v
Verilog design file = C:/Users/22822/Desktop/demo/Sensor_Board_Demo/Interface_BH1750/led_scan.v
Verilog design file = C:/Users/22822/Desktop/demo/Sensor_Board_Demo/Interface_BH1750/rgb_led.v
Verilog design file = C:/Users/22822/Desktop/demo/Sensor_Board_Demo/Interface_BH1750/clk_div.v
NGD file = Interface_BH1750_impl_Interface_BH1750.ngd
-sdc option: SDC file input not used.
-lpf option: Output file option is ON.
Hardtimer checking is enabled (default). The -dt option is not used.
The -r option is OFF. [ Remove LOC Properties is OFF. ]
    <postMsg mid="35001200" type="Warning" dynamic="1" navigation="0" arg0="Interface_BH1750"  />
Technology check ok...

Analyzing Verilog file C:/lscc/diamond/3.8_x64/ispfpga/userware/NT/SYNTHESIS_HEADERS/machxo2.v. VERI-1482
Compile design.
Compile Design Begin
Analyzing Verilog file c:/users/22822/desktop/demo/sensor_board_demo/interface_bh1750/interface_bh1750.v. VERI-1482
Analyzing Verilog file c:/users/22822/desktop/demo/sensor_board_demo/interface_bh1750/bh1750.v. VERI-1482
Analyzing Verilog file c:/users/22822/desktop/demo/sensor_board_demo/interface_bh1750/data_process.v. VERI-1482
Analyzing Verilog file c:/users/22822/desktop/demo/sensor_board_demo/interface_bh1750/bin_to_bcd.v. VERI-1482
Analyzing Verilog file c:/users/22822/desktop/demo/sensor_board_demo/interface_bh1750/seg_led.v. VERI-1482
Analyzing Verilog file c:/users/22822/desktop/demo/sensor_board_demo/interface_bh1750/led_scan.v. VERI-1482
Analyzing Verilog file c:/users/22822/desktop/demo/sensor_board_demo/interface_bh1750/rgb_led.v. VERI-1482
Analyzing Verilog file c:/users/22822/desktop/demo/sensor_board_demo/interface_bh1750/clk_div.v. VERI-1482
Analyzing Verilog file C:/lscc/diamond/3.8_x64/ispfpga/userware/NT/SYNTHESIS_HEADERS/machxo2.v. VERI-1482
Top module name (Verilog): Interface_BH1750
    <postMsg mid="35901018" type="Info"    dynamic="2" navigation="2" arg0="c:/users/22822/desktop/demo/sensor_board_demo/interface_bh1750/interface_bh1750.v(18): " arg1="Interface_BH1750" arg2="c:/users/22822/desktop/demo/sensor_board_demo/interface_bh1750/interface_bh1750.v" arg3="18"  />
    <postMsg mid="35901018" type="Info"    dynamic="2" navigation="2" arg0="c:/users/22822/desktop/demo/sensor_board_demo/interface_bh1750/bh1750.v(19): " arg1="BH1750" arg2="c:/users/22822/desktop/demo/sensor_board_demo/interface_bh1750/bh1750.v" arg3="19"  />
    <postMsg mid="35901018" type="Info"    dynamic="2" navigation="2" arg0="c:/users/22822/desktop/demo/sensor_board_demo/interface_bh1750/data_process.v(18): " arg1="Data_Process" arg2="c:/users/22822/desktop/demo/sensor_board_demo/interface_bh1750/data_process.v" arg3="18"  />
    <postMsg mid="35901018" type="Info"    dynamic="2" navigation="2" arg0="c:/users/22822/desktop/demo/sensor_board_demo/interface_bh1750/bin_to_bcd.v(18): " arg1="BIN_To_BCD" arg2="c:/users/22822/desktop/demo/sensor_board_demo/interface_bh1750/bin_to_bcd.v" arg3="18"  />
    <postMsg mid="35901209" type="Warning" dynamic="3" navigation="2" arg0="c:/users/22822/desktop/demo/sensor_board_demo/interface_bh1750/bin_to_bcd.v(36): " arg1="32" arg2="4" arg3="c:/users/22822/desktop/demo/sensor_board_demo/interface_bh1750/bin_to_bcd.v" arg4="36"  />
    <postMsg mid="35901209" type="Warning" dynamic="3" navigation="2" arg0="c:/users/22822/desktop/demo/sensor_board_demo/interface_bh1750/bin_to_bcd.v(39): " arg1="32" arg2="4" arg3="c:/users/22822/desktop/demo/sensor_board_demo/interface_bh1750/bin_to_bcd.v" arg4="39"  />
    <postMsg mid="35901018" type="Info"    dynamic="2" navigation="2" arg0="c:/users/22822/desktop/demo/sensor_board_demo/interface_bh1750/seg_led.v(17): " arg1="seg_led" arg2="c:/users/22822/desktop/demo/sensor_board_demo/interface_bh1750/seg_led.v" arg3="17"  />
    <postMsg mid="35931002" type="Warning" dynamic="2" navigation="2" arg0="c:/users/22822/desktop/demo/sensor_board_demo/interface_bh1750/seg_led.v(24): " arg1="seg" arg2="c:/users/22822/desktop/demo/sensor_board_demo/interface_bh1750/seg_led.v" arg3="24"  />
    <postMsg mid="35901018" type="Info"    dynamic="2" navigation="2" arg0="c:/users/22822/desktop/demo/sensor_board_demo/interface_bh1750/led_scan.v(18): " arg1="led_scan" arg2="c:/users/22822/desktop/demo/sensor_board_demo/interface_bh1750/led_scan.v" arg3="18"  />
    <postMsg mid="35901018" type="Info"    dynamic="2" navigation="2" arg0="c:/users/22822/desktop/demo/sensor_board_demo/interface_bh1750/clk_div.v(17): " arg1="clk_div(COUNTER_NUM=100000)" arg2="c:/users/22822/desktop/demo/sensor_board_demo/interface_bh1750/clk_div.v" arg3="17"  />
    <postMsg mid="35901209" type="Warning" dynamic="3" navigation="2" arg0="c:/users/22822/desktop/demo/sensor_board_demo/interface_bh1750/led_scan.v(54): " arg1="32" arg2="4" arg3="c:/users/22822/desktop/demo/sensor_board_demo/interface_bh1750/led_scan.v" arg4="54"  />
    <postMsg mid="35901209" type="Warning" dynamic="3" navigation="2" arg0="c:/users/22822/desktop/demo/sensor_board_demo/interface_bh1750/led_scan.v(57): " arg1="32" arg2="4" arg3="c:/users/22822/desktop/demo/sensor_board_demo/interface_bh1750/led_scan.v" arg4="57"  />
    <postMsg mid="35901018" type="Info"    dynamic="2" navigation="2" arg0="c:/users/22822/desktop/demo/sensor_board_demo/interface_bh1750/clk_div.v(17): " arg1="clk_div(COUNTER_NUM=1200)" arg2="c:/users/22822/desktop/demo/sensor_board_demo/interface_bh1750/clk_div.v" arg3="17"  />
    <postMsg mid="35901221" type="Warning" dynamic="2" navigation="2" arg0="c:/users/22822/desktop/demo/sensor_board_demo/interface_bh1750/led_scan.v(124): " arg1="cache" arg2="c:/users/22822/desktop/demo/sensor_board_demo/interface_bh1750/led_scan.v" arg3="124"  />
    <postMsg mid="35901221" type="Warning" dynamic="2" navigation="2" arg0="c:/users/22822/desktop/demo/sensor_board_demo/interface_bh1750/led_scan.v(124): " arg1="temp_cnt" arg2="c:/users/22822/desktop/demo/sensor_board_demo/interface_bh1750/led_scan.v" arg3="124"  />
    <postMsg mid="35901221" type="Warning" dynamic="2" navigation="2" arg0="c:/users/22822/desktop/demo/sensor_board_demo/interface_bh1750/led_scan.v(125): " arg1="cache" arg2="c:/users/22822/desktop/demo/sensor_board_demo/interface_bh1750/led_scan.v" arg3="125"  />
    <postMsg mid="35901221" type="Warning" dynamic="2" navigation="2" arg0="c:/users/22822/desktop/demo/sensor_board_demo/interface_bh1750/led_scan.v(125): " arg1="temp_cnt" arg2="c:/users/22822/desktop/demo/sensor_board_demo/interface_bh1750/led_scan.v" arg3="125"  />
    <postMsg mid="35901221" type="Warning" dynamic="2" navigation="2" arg0="c:/users/22822/desktop/demo/sensor_board_demo/interface_bh1750/led_scan.v(126): " arg1="cache" arg2="c:/users/22822/desktop/demo/sensor_board_demo/interface_bh1750/led_scan.v" arg3="126"  />
    <postMsg mid="35901221" type="Warning" dynamic="2" navigation="2" arg0="c:/users/22822/desktop/demo/sensor_board_demo/interface_bh1750/led_scan.v(126): " arg1="temp_cnt" arg2="c:/users/22822/desktop/demo/sensor_board_demo/interface_bh1750/led_scan.v" arg3="126"  />
    <postMsg mid="35901221" type="Warning" dynamic="2" navigation="2" arg0="c:/users/22822/desktop/demo/sensor_board_demo/interface_bh1750/led_scan.v(127): " arg1="cache" arg2="c:/users/22822/desktop/demo/sensor_board_demo/interface_bh1750/led_scan.v" arg3="127"  />
    <postMsg mid="35901221" type="Warning" dynamic="2" navigation="2" arg0="c:/users/22822/desktop/demo/sensor_board_demo/interface_bh1750/led_scan.v(127): " arg1="temp_cnt" arg2="c:/users/22822/desktop/demo/sensor_board_demo/interface_bh1750/led_scan.v" arg3="127"  />
    <postMsg mid="35901221" type="Warning" dynamic="2" navigation="2" arg0="c:/users/22822/desktop/demo/sensor_board_demo/interface_bh1750/led_scan.v(128): " arg1="cache" arg2="c:/users/22822/desktop/demo/sensor_board_demo/interface_bh1750/led_scan.v" arg3="128"  />
    <postMsg mid="35901221" type="Warning" dynamic="2" navigation="2" arg0="c:/users/22822/desktop/demo/sensor_board_demo/interface_bh1750/led_scan.v(128): " arg1="temp_cnt" arg2="c:/users/22822/desktop/demo/sensor_board_demo/interface_bh1750/led_scan.v" arg3="128"  />
    <postMsg mid="35901221" type="Warning" dynamic="2" navigation="2" arg0="c:/users/22822/desktop/demo/sensor_board_demo/interface_bh1750/led_scan.v(129): " arg1="cache" arg2="c:/users/22822/desktop/demo/sensor_board_demo/interface_bh1750/led_scan.v" arg3="129"  />
    <postMsg mid="35901221" type="Warning" dynamic="2" navigation="2" arg0="c:/users/22822/desktop/demo/sensor_board_demo/interface_bh1750/led_scan.v(129): " arg1="temp_cnt" arg2="c:/users/22822/desktop/demo/sensor_board_demo/interface_bh1750/led_scan.v" arg3="129"  />
    <postMsg mid="35901221" type="Warning" dynamic="2" navigation="2" arg0="c:/users/22822/desktop/demo/sensor_board_demo/interface_bh1750/led_scan.v(130): " arg1="cache" arg2="c:/users/22822/desktop/demo/sensor_board_demo/interface_bh1750/led_scan.v" arg3="130"  />
    <postMsg mid="35901221" type="Warning" dynamic="2" navigation="2" arg0="c:/users/22822/desktop/demo/sensor_board_demo/interface_bh1750/led_scan.v(130): " arg1="temp_cnt" arg2="c:/users/22822/desktop/demo/sensor_board_demo/interface_bh1750/led_scan.v" arg3="130"  />
    <postMsg mid="35901221" type="Warning" dynamic="2" navigation="2" arg0="c:/users/22822/desktop/demo/sensor_board_demo/interface_bh1750/led_scan.v(131): " arg1="cache" arg2="c:/users/22822/desktop/demo/sensor_board_demo/interface_bh1750/led_scan.v" arg3="131"  />
    <postMsg mid="35901221" type="Warning" dynamic="2" navigation="2" arg0="c:/users/22822/desktop/demo/sensor_board_demo/interface_bh1750/led_scan.v(131): " arg1="temp_cnt" arg2="c:/users/22822/desktop/demo/sensor_board_demo/interface_bh1750/led_scan.v" arg3="131"  />
    <postMsg mid="35901221" type="Warning" dynamic="2" navigation="2" arg0="c:/users/22822/desktop/demo/sensor_board_demo/interface_bh1750/led_scan.v(132): " arg1="cache" arg2="c:/users/22822/desktop/demo/sensor_board_demo/interface_bh1750/led_scan.v" arg3="132"  />
    <postMsg mid="35901221" type="Warning" dynamic="2" navigation="2" arg0="c:/users/22822/desktop/demo/sensor_board_demo/interface_bh1750/led_scan.v(132): " arg1="temp_cnt" arg2="c:/users/22822/desktop/demo/sensor_board_demo/interface_bh1750/led_scan.v" arg3="132"  />
    <postMsg mid="35901221" type="Warning" dynamic="2" navigation="2" arg0="c:/users/22822/desktop/demo/sensor_board_demo/interface_bh1750/led_scan.v(133): " arg1="cache" arg2="c:/users/22822/desktop/demo/sensor_board_demo/interface_bh1750/led_scan.v" arg3="133"  />
    <postMsg mid="35901221" type="Warning" dynamic="2" navigation="2" arg0="c:/users/22822/desktop/demo/sensor_board_demo/interface_bh1750/led_scan.v(133): " arg1="temp_cnt" arg2="c:/users/22822/desktop/demo/sensor_board_demo/interface_bh1750/led_scan.v" arg3="133"  />
    <postMsg mid="35901221" type="Warning" dynamic="2" navigation="2" arg0="c:/users/22822/desktop/demo/sensor_board_demo/interface_bh1750/led_scan.v(134): " arg1="cache" arg2="c:/users/22822/desktop/demo/sensor_board_demo/interface_bh1750/led_scan.v" arg3="134"  />
    <postMsg mid="35901221" type="Warning" dynamic="2" navigation="2" arg0="c:/users/22822/desktop/demo/sensor_board_demo/interface_bh1750/led_scan.v(134): " arg1="temp_cnt" arg2="c:/users/22822/desktop/demo/sensor_board_demo/interface_bh1750/led_scan.v" arg3="134"  />
    <postMsg mid="35901221" type="Warning" dynamic="2" navigation="2" arg0="c:/users/22822/desktop/demo/sensor_board_demo/interface_bh1750/led_scan.v(135): " arg1="cache" arg2="c:/users/22822/desktop/demo/sensor_board_demo/interface_bh1750/led_scan.v" arg3="135"  />
    <postMsg mid="35901221" type="Warning" dynamic="2" navigation="2" arg0="c:/users/22822/desktop/demo/sensor_board_demo/interface_bh1750/led_scan.v(135): " arg1="temp_cnt" arg2="c:/users/22822/desktop/demo/sensor_board_demo/interface_bh1750/led_scan.v" arg3="135"  />
    <postMsg mid="35901221" type="Warning" dynamic="2" navigation="2" arg0="c:/users/22822/desktop/demo/sensor_board_demo/interface_bh1750/led_scan.v(136): " arg1="cache" arg2="c:/users/22822/desktop/demo/sensor_board_demo/interface_bh1750/led_scan.v" arg3="136"  />
    <postMsg mid="35901221" type="Warning" dynamic="2" navigation="2" arg0="c:/users/22822/desktop/demo/sensor_board_demo/interface_bh1750/led_scan.v(136): " arg1="temp_cnt" arg2="c:/users/22822/desktop/demo/sensor_board_demo/interface_bh1750/led_scan.v" arg3="136"  />
    <postMsg mid="35901221" type="Warning" dynamic="2" navigation="2" arg0="c:/users/22822/desktop/demo/sensor_board_demo/interface_bh1750/led_scan.v(137): " arg1="cache" arg2="c:/users/22822/desktop/demo/sensor_board_demo/interface_bh1750/led_scan.v" arg3="137"  />
    <postMsg mid="35901221" type="Warning" dynamic="2" navigation="2" arg0="c:/users/22822/desktop/demo/sensor_board_demo/interface_bh1750/led_scan.v(137): " arg1="temp_cnt" arg2="c:/users/22822/desktop/demo/sensor_board_demo/interface_bh1750/led_scan.v" arg3="137"  />
    <postMsg mid="35901221" type="Warning" dynamic="2" navigation="2" arg0="c:/users/22822/desktop/demo/sensor_board_demo/interface_bh1750/led_scan.v(138): " arg1="cache" arg2="c:/users/22822/desktop/demo/sensor_board_demo/interface_bh1750/led_scan.v" arg3="138"  />
    <postMsg mid="35901221" type="Warning" dynamic="2" navigation="2" arg0="c:/users/22822/desktop/demo/sensor_board_demo/interface_bh1750/led_scan.v(138): " arg1="temp_cnt" arg2="c:/users/22822/desktop/demo/sensor_board_demo/interface_bh1750/led_scan.v" arg3="138"  />
    <postMsg mid="35901221" type="Warning" dynamic="2" navigation="2" arg0="c:/users/22822/desktop/demo/sensor_board_demo/interface_bh1750/led_scan.v(139): " arg1="cache" arg2="c:/users/22822/desktop/demo/sensor_board_demo/interface_bh1750/led_scan.v" arg3="139"  />
    <postMsg mid="35901221" type="Warning" dynamic="2" navigation="2" arg0="c:/users/22822/desktop/demo/sensor_board_demo/interface_bh1750/led_scan.v(139): " arg1="temp_cnt" arg2="c:/users/22822/desktop/demo/sensor_board_demo/interface_bh1750/led_scan.v" arg3="139"  />
    <postMsg mid="35931002" type="Warning" dynamic="2" navigation="2" arg0="c:/users/22822/desktop/demo/sensor_board_demo/interface_bh1750/led_scan.v(82): " arg1="cache" arg2="c:/users/22822/desktop/demo/sensor_board_demo/interface_bh1750/led_scan.v" arg3="82"  />
    <postMsg mid="35901018" type="Info"    dynamic="2" navigation="2" arg0="c:/users/22822/desktop/demo/sensor_board_demo/interface_bh1750/rgb_led.v(16): " arg1="rgb_led" arg2="c:/users/22822/desktop/demo/sensor_board_demo/interface_bh1750/rgb_led.v" arg3="16"  />
    <postMsg mid="35901209" type="Warning" dynamic="3" navigation="2" arg0="c:/users/22822/desktop/demo/sensor_board_demo/interface_bh1750/rgb_led.v(32): " arg1="32" arg2="6" arg3="c:/users/22822/desktop/demo/sensor_board_demo/interface_bh1750/rgb_led.v" arg4="32"  />
Last elaborated design is Interface_BH1750()
Loading NGL library 'C:/lscc/diamond/3.8_x64/ispfpga/xo2c00a/data/xo2alib.ngl'...
Loading NGL library 'C:/lscc/diamond/3.8_x64/ispfpga/xo2c00/data/xo2clib.ngl'...
Loading NGL library 'C:/lscc/diamond/3.8_x64/ispfpga/mg5g00/data/mg5glib.ngl'...
Loading NGL library 'C:/lscc/diamond/3.8_x64/ispfpga/or5g00/data/orc5glib.ngl'...
Loading device for application map from file 'xo2c4000.nph' in environment: C:/lscc/diamond/3.8_x64/ispfpga.
Package Status:                     Final          Version 1.44.
Top-level module name = Interface_BH1750.
    <postMsg mid="35931038" type="Warning" dynamic="2" navigation="2" arg0="c:/users/22822/desktop/demo/sensor_board_demo/interface_bh1750/seg_led.v(24): " arg1="seg_original_ramnet" arg2="c:/users/22822/desktop/demo/sensor_board_demo/interface_bh1750/seg_led.v" arg3="24"  />
    <postMsg mid="35931038" type="Warning" dynamic="2" navigation="2" arg0="c:/users/22822/desktop/demo/sensor_board_demo/interface_bh1750/led_scan.v(82): " arg1="cache_original_ramnet" arg2="c:/users/22822/desktop/demo/sensor_board_demo/interface_bh1750/led_scan.v" arg3="82"  />



GSR instance connected to net rst_c.
Applying 1.000000 MHz constraint to all clocks

    <postMsg mid="35001611" type="Warning" dynamic="0" navigation="0"  />
Results of NGD DRC are available in Interface_BH1750_drc.log.
Loading NGL library 'C:/lscc/diamond/3.8_x64/ispfpga/xo2c00a/data/xo2alib.ngl'...
Loading NGL library 'C:/lscc/diamond/3.8_x64/ispfpga/xo2c00/data/xo2clib.ngl'...
Loading NGL library 'C:/lscc/diamond/3.8_x64/ispfpga/mg5g00/data/mg5glib.ngl'...
Loading NGL library 'C:/lscc/diamond/3.8_x64/ispfpga/or5g00/data/orc5glib.ngl'...


Running DRC...

DRC complete with no errors or warnings

Design Results:
    831 blocks expanded
completed the first expansion
All blocks are expanded and NGD expansion is successful.
Writing NGD file Interface_BH1750_impl_Interface_BH1750.ngd.

################### Begin Area Report (Interface_BH1750)######################
Number of register bits => 128 of 4635 (2 % )
BB => 1
CCU2D => 81
FD1P3AX => 22
FD1P3AY => 3
FD1P3IX => 18
FD1P3JX => 1
FD1S1A => 4
FD1S3AX => 3
FD1S3IX => 77
GSR => 1
IB => 2
LUT4 => 536
OB => 50
PFUMX => 29
################### End Area Report ##################

################### Begin BlackBox Report ######################
TSALL => 1
################### End BlackBox Report ##################

################### Begin Clock Report ######################
Clock Nets
Number of Clocks: 4
  Net : clk_c, loads : 120
  Net : u1/clk_100khz, loads : 5
  Net : u5/line_7__N_474, loads : 4
  Net : u5/clk16Hz_uut/clk16Hz, loads : 3
Clock Enable Nets
Number of Clock Enables: 9
Top 9 highest fanout Clock Enables:
  Net : u1/clk_c_enable_18, loads : 6
  Net : clk_c_enable_30, loads : 1
  Net : clk_c_enable_24, loads : 1
  Net : clk_c_enable_22, loads : 1
  Net : u1/clk_c_enable_14, loads : 1
  Net : clk_c_enable_41, loads : 1
  Net : u1/clk_100khz_enable_2, loads : 1
  Net : u1/clk_100khz_enable_1, loads : 1
  Net : u1/clk_100khz_enable_3, loads : 1
Highest fanout non-clock nets
Top 10 highest fanout non-clock nets:
  Net : u1/cnt_1, loads : 95
  Net : u1/cnt_0, loads : 71
  Net : u1/cnt_3, loads : 67
  Net : u1/cnt_2, loads : 62
  Net : u1/cnt_4, loads : 53
  Net : u1/cnt_5, loads : 45
  Net : u5/temp_cnt_1, loads : 41
  Net : u5/temp_cnt_2, loads : 40
  Net : u1/cnt_11, loads : 38
  Net : u1/cnt_6, loads : 35
################### End Clock Report ##################

Timing Report Summary
--------------
--------------------------------------------------------------------------------
Constraint                              |   Constraint|       Actual|Levels
--------------------------------------------------------------------------------
                                        |             |             |
create_clock -period 1000.000000 -name  |             |             |
clk3 [get_nets \u5/line_7__N_474]       |            -|            -|     0  
                                        |             |             |
create_clock -period 1000.000000 -name  |             |             |
clk2 [get_nets clk16Hz]                 |    1.000 MHz|  471.921 MHz|     1  
                                        |             |             |
create_clock -period 1000.000000 -name  |             |             |
clk1 [get_nets clk_100khz]              |            -|            -|     0  
                                        |             |             |
create_clock -period 1000.000000 -name  |             |             |
clk0 [get_nets clk_c]                   |    1.000 MHz|   67.358 MHz|     8  
                                        |             |             |
--------------------------------------------------------------------------------


All constraints were met.


Peak Memory Usage: 103.184  MB

--------------------------------------------------------------
Elapsed CPU time for LSE flow : 5.625  secs
--------------------------------------------------------------

map -a "MachXO2" -p LCMXO2-4000HC -t CSBGA132 -s 4 -oc Commercial   "Interface_BH1750_impl_Interface_BH1750.ngd" -o "Interface_BH1750_impl_Interface_BH1750_map.ncd" -pr "Interface_BH1750_impl_Interface_BH1750.prf" -mp "Interface_BH1750_impl_Interface_BH1750.mrp" -lpf "C:/Users/22822/Desktop/demo/Sensor_Board_Demo/Interface_BH1750/impl_Interface_BH1750/Interface_BH1750_impl_Interface_BH1750.lpf" -lpf "C:/Users/22822/Desktop/demo/Sensor_Board_Demo/Interface_BH1750/Interface_BH1750.lpf" -c 0            
map:  version Diamond (64-bit) 3.8.0.115.3

Copyright (c) 1991-1994 by NeoCAD Inc. All rights reserved.
Copyright (c) 1995 AT&T Corp.   All rights reserved.
Copyright (c) 1995-2001 Lucent Technologies Inc.  All rights reserved.
Copyright (c) 2001 Agere Systems   All rights reserved.
Copyright (c) 2002-2016 Lattice Semiconductor Corporation,  All rights reserved.
   Process the file: Interface_BH1750_impl_Interface_BH1750.ngd
   Picdevice="LCMXO2-4000HC"

   Pictype="CSBGA132"

   Picspeed=4

   Remove unused logic

   Do not produce over sized NCDs.

Part used: LCMXO2-4000HCCSBGA132, Performance used: 4.

Loading device for application map from file 'xo2c4000.nph' in environment: C:/lscc/diamond/3.8_x64/ispfpga.
Package Status:                     Final          Version 1.44.

Running general design DRC...

Removing unused logic...

Optimizing...




Design Summary:
   Number of registers:    128 out of  4635 (3%)
      PFU registers:          128 out of  4320 (3%)
      PIO registers:            0 out of   315 (0%)
   Number of SLICEs:       350 out of  2160 (16%)
      SLICEs as Logic/ROM:    350 out of  2160 (16%)
      SLICEs as RAM:            0 out of  1620 (0%)
      SLICEs as Carry:         81 out of  2160 (4%)
   Number of LUT4s:        700 out of  4320 (16%)
      Number used as logic LUTs:        538
      Number used as distributed RAM:     0
      Number used as ripple logic:      162
      Number used as shift registers:     0
   Number of PIO sites used: 53 + 4(JTAG) out of 105 (54%)
   Number of block RAMs:  0 out of 10 (0%)
   Number of GSRs:  1 out of 1 (100%)
   EFB used :       No
   JTAG used :      No
   Readback used :  No
   Oscillator used :  No
   Startup used :   No
   POR :            On
   Bandgap :        On
   Number of Power Controller:  0 out of 1 (0%)
   Number of Dynamic Bank Controller (BCINRD):  0 out of 6 (0%)
   Number of Dynamic Bank Controller (BCLVDSO):  0 out of 1 (0%)
   Number of DCCA:  0 out of 8 (0%)
   Number of DCMA:  0 out of 2 (0%)
   Number of PLLs:  0 out of 2 (0%)
   Number of DQSDLLs:  0 out of 2 (0%)
   Number of CLKDIVC:  0 out of 4 (0%)
   Number of ECLKSYNCA:  0 out of 4 (0%)
   Number of ECLKBRIDGECS:  0 out of 2 (0%)
   Notes:-
      1. Total number of LUT4s = (Number of logic LUT4s) + 2*(Number of distributed RAMs) + 2*(Number of ripple logic)
      2. Number of logic LUT4s does not include count of distributed RAM and ripple logic.
   Number of clocks:  4
     Net u5/clk16Hz: 1 loads, 1 rising, 0 falling (Driver: u5/clk16Hz_uut/invert_15 )
     Net clk_c: 67 loads, 67 rising, 0 falling (Driver: PIO clk )
     Net u1/clk_100khz: 3 loads, 3 rising, 0 falling (Driver: u1/clk_100khz_291 )
     Net u5/line_7__N_474: 3 loads, 3 rising, 0 falling (Driver: u5/i8_4_lut )
   Number of Clock Enables:  9
     Net clk_c_enable_22: 2 loads, 2 LSLICEs
     Net clk_c_enable_24: 2 loads, 2 LSLICEs
     Net clk_c_enable_41: 8 loads, 8 LSLICEs
     Net clk_c_enable_30: 6 loads, 6 LSLICEs
     Net u1/clk_100khz_enable_1: 1 loads, 1 LSLICEs
     Net u1/clk_c_enable_18: 3 loads, 3 LSLICEs
     Net u1/clk_c_enable_14: 1 loads, 1 LSLICEs
     Net u1/clk_100khz_enable_2: 1 loads, 1 LSLICEs
     Net u1/clk_100khz_enable_3: 1 loads, 1 LSLICEs
   Number of LSRs:  7
     Net cnt_31__N_710: 17 loads, 17 LSLICEs
     Net get_num_flag: 1 loads, 1 LSLICEs
     Net cnt_31__N_779: 17 loads, 17 LSLICEs
     Net n9148: 8 loads, 8 LSLICEs
     Net n9152: 4 loads, 4 LSLICEs
     Net n9160: 2 loads, 2 LSLICEs
     Net u6/n218: 4 loads, 4 LSLICEs
   Number of nets driven by tri-state buffers:  0
   Top 10 highest fanout non-clock nets:
     Net u1/cnt_1: 95 loads
     Net u1/cnt_0: 71 loads
     Net u1/cnt_3: 67 loads
     Net u1/cnt_2: 62 loads
     Net u1/cnt_4: 53 loads
     Net u1/cnt_5: 45 loads
     Net u5/temp_cnt_1: 41 loads
     Net u5/temp_cnt_2: 40 loads
     Net u1/cnt_11: 38 loads
     Net u1/cnt_6: 35 loads
 

   Number of warnings:  0
   Number of errors:    0



Total CPU Time: 0 secs  
Total REAL Time: 0 secs  
Peak Memory Usage: 54 MB

Dumping design to file Interface_BH1750_impl_Interface_BH1750_map.ncd.

ncd2vdb "Interface_BH1750_impl_Interface_BH1750_map.ncd" ".vdbs/Interface_BH1750_impl_Interface_BH1750_map.vdb"

Loading device for application ncd2vdb from file 'xo2c4000.nph' in environment: C:/lscc/diamond/3.8_x64/ispfpga.

mpartrce -p "Interface_BH1750_impl_Interface_BH1750.p2t" -f "Interface_BH1750_impl_Interface_BH1750.p3t" -tf "Interface_BH1750_impl_Interface_BH1750.pt" "Interface_BH1750_impl_Interface_BH1750_map.ncd" "Interface_BH1750_impl_Interface_BH1750.ncd"

---- MParTrce Tool ----
Removing old design directory at request of -rem command line option to this program.
Running par. Please wait . . .

Lattice Place and Route Report for Design "Interface_BH1750_impl_Interface_BH1750_map.ncd"
Sun Jun 11 18:52:51 2017

PAR: Place And Route Diamond (64-bit) 3.8.0.115.3.
Command Line: par -w -l 5 -i 6 -t 1 -c 0 -e 0 -gui -msgset C:/Users/22822/Desktop/demo/Sensor_Board_Demo/Interface_BH1750/promote.xml -exp parUseNBR=1:parCDP=0:parCDR=0:parPathBased=OFF Interface_BH1750_impl_Interface_BH1750_map.ncd Interface_BH1750_impl_Interface_BH1750.dir/5_1.ncd Interface_BH1750_impl_Interface_BH1750.prf
Preference file: Interface_BH1750_impl_Interface_BH1750.prf.
Placement level-cost: 5-1.
Routing Iterations: 6

Loading design for application par from file Interface_BH1750_impl_Interface_BH1750_map.ncd.
Design name: Interface_BH1750
NCD version: 3.3
Vendor:      LATTICE
Device:      LCMXO2-4000HC
Package:     CSBGA132
Performance: 4
Loading device for application par from file 'xo2c4000.nph' in environment: C:/lscc/diamond/3.8_x64/ispfpga.
Package Status:                     Final          Version 1.44.
Performance Hardware Data Status:   Final          Version 34.4.
License checked out.


Ignore Preference Error(s):  True
Device utilization summary:

   PIO (prelim)   53+4(JTAG)/280     20% used
                  53+4(JTAG)/105     54% bonded

   SLICE            350/2160         16% used

   GSR                1/1           100% used


Number of Signals: 805
Number of Connections: 2511

Pin Constraint Summary:
   53 out of 53 pins locked (100% locked).

The following 1 signal is selected to use the primary clock routing resources:
    clk_c (driver: clk, clk load #: 67)

    <postMsg mid="61061008" type="Warning" dynamic="5" navigation="0" arg0="clk_c" arg1="Primary" arg2="clk" arg3="C1" arg4="Primary"  />

The following 2 signals are selected to use the secondary clock routing resources:
    cnt_31__N_710 (driver: u5/clk16Hz_uut/SLICE_26, clk load #: 0, sr load #: 17, ce load #: 0)
    cnt_31__N_779 (driver: u5/clk10KHz_uut/SLICE_36, clk load #: 0, sr load #: 17, ce load #: 0)

Signal rst_c is selected as Global Set/Reset.
Starting Placer Phase 0.
............
Finished Placer Phase 0.  REAL time: 2 secs 

Starting Placer Phase 1.
.....................
Placer score = 140568.
Finished Placer Phase 1.  REAL time: 3 secs 

Starting Placer Phase 2.
.
Placer score =  139992
Finished Placer Phase 2.  REAL time: 3 secs 


------------------ Clock Report ------------------

Global Clock Resources:
  CLK_PIN    : 0 out of 8 (0%)
  General PIO: 1 out of 280 (0%)
  PLL        : 0 out of 2 (0%)
  DCM        : 0 out of 2 (0%)
  DCC        : 0 out of 8 (0%)

Quadrants All (TL, TR, BL, BR) - Global Clocks:
  PRIMARY "clk_c" from comp "clk" on PIO site "C1 (PL4A)", clk load = 67
  SECONDARY "cnt_31__N_710" from F1 on comp "u5/clk16Hz_uut/SLICE_26" on site "R20C21D", clk load = 0, ce load = 0, sr load = 17
  SECONDARY "cnt_31__N_779" from F1 on comp "u5/clk10KHz_uut/SLICE_36" on site "R13C17D", clk load = 0, ce load = 0, sr load = 17

  PRIMARY  : 1 out of 8 (12%)
  SECONDARY: 2 out of 8 (25%)

Edge Clocks:
  No edge clock selected.

--------------- End of Clock Report ---------------


I/O Usage Summary (final):
   53 + 4(JTAG) out of 280 (20.4%) PIO sites used.
   53 + 4(JTAG) out of 105 (54.3%) bonded PIO sites used.
   Number of PIO comps: 53; differential: 0.
   Number of Vref pins used: 0.

I/O Bank Usage Summary:
+----------+----------------+------------+-----------+
| I/O Bank | Usage          | Bank Vccio | Bank Vref |
+----------+----------------+------------+-----------+
| 0        | 11 / 26 ( 42%) | 3.3V       | -         |
| 1        | 11 / 26 ( 42%) | 3.3V       | -         |
| 2        | 12 / 28 ( 42%) | 3.3V       | -         |
| 3        | 6 / 7 ( 85%)   | 3.3V       | -         |
| 4        | 8 / 8 (100%)   | 3.3V       | -         |
| 5        | 5 / 10 ( 50%)  | 3.3V       | -         |
+----------+----------------+------------+-----------+

Total placer CPU time: 2 secs 

Dumping design to file Interface_BH1750_impl_Interface_BH1750.dir/5_1.ncd.


-----------------------------------------------------------------
INFO - par: ASE feature is off due to non timing-driven settings.  
-----------------------------------------------------------------

0 connections routed; 2511 unrouted.
Starting router resource preassignment

    <postMsg mid="66011008" type="Warning" dynamic="1" navigation="0" arg0="&#xA;   Signal=u5/clk16Hz loads=4 clock_loads=1&#xA;   Signal=u1/clk_100khz loads=6 clock_loads=3&#xA;   Signal=u5/line_7__N_474 loads=3 clock_loads=3"  />

Completed router resource preassignment. Real time: 4 secs 

Start NBR router at 18:52:55 06/11/17

*****************************************************************
Info: NBR allows conflicts(one node used by more than one signal)
      in the earlier iterations. In each iteration, it tries to  
      solve the conflicts while keeping the critical connections 
      routed as short as possible. The routing process is said to
      be completed when no conflicts exist and all connections   
      are routed.                                                
Note: NBR uses a different method to calculate timing slacks. The
      worst slack and total negative slack may not be the same as
      that in TRCE report. You should always run TRCE to verify  
      your design.                                               
*****************************************************************

Start NBR special constraint process at 18:52:55 06/11/17

Start NBR section for initial routing at 18:52:55 06/11/17
Level 4, iteration 1
39(0.02%) conflicts; 0(0.00%) untouched conn; 0 (nbr) score; real time: 5 secs 

Info: Initial congestion level at 75% usage is 0
Info: Initial congestion area  at 75% usage is 0 (0.00%)

Start NBR section for normal routing at 18:52:56 06/11/17
Level 4, iteration 1
14(0.01%) conflicts; 0(0.00%) untouched conn; 0 (nbr) score; real time: 5 secs 
Level 4, iteration 2
6(0.00%) conflicts; 0(0.00%) untouched conn; 0 (nbr) score; real time: 5 secs 
Level 4, iteration 3
3(0.00%) conflicts; 0(0.00%) untouched conn; 0 (nbr) score; real time: 5 secs 
Level 4, iteration 4
1(0.00%) conflict; 0(0.00%) untouched conn; 0 (nbr) score; real time: 5 secs 
Level 4, iteration 5
0(0.00%) conflict; 0(0.00%) untouched conn; 0 (nbr) score; real time: 5 secs 

Start NBR section for re-routing at 18:52:56 06/11/17
Level 4, iteration 1
0(0.00%) conflict; 0(0.00%) untouched conn; 0 (nbr) score; real time: 5 secs 

Start NBR section for post-routing at 18:52:56 06/11/17

End NBR router with 0 unrouted connection

NBR Summary
-----------
  Number of unrouted connections : 0 (0.00%)
  Number of connections with timing violations : 0 (0.00%)
  Estimated worst slack<setup> : <n/a>
  Timing score<setup> : 0
-----------
Notes: The timing info is calculated for SETUP only and all PAR_ADJs are ignored.



    <postMsg mid="66011008" type="Warning" dynamic="1" navigation="0" arg0="&#xA;   Signal=u5/clk16Hz loads=4 clock_loads=1&#xA;   Signal=u1/clk_100khz loads=6 clock_loads=3&#xA;   Signal=u5/line_7__N_474 loads=3 clock_loads=3"  />

Total CPU time 4 secs 
Total REAL time: 5 secs 
Completely routed.
End of route.  2511 routed (100.00%); 0 unrouted.

Hold time timing score: 0, hold timing errors: 0

Timing score: 0 

Dumping design to file Interface_BH1750_impl_Interface_BH1750.dir/5_1.ncd.


PAR_SUMMARY::Run status = completed
PAR_SUMMARY::Number of unrouted conns = 0
PAR_SUMMARY::Worst  slack<setup/<ns>> = <n/a>
PAR_SUMMARY::Timing score<setup/<ns>> = <n/a>
PAR_SUMMARY::Worst  slack<hold /<ns>> = <n/a>
PAR_SUMMARY::Timing score<hold /<ns>> = <n/a>
PAR_SUMMARY::Number of errors = 0

Total CPU  time to completion: 5 secs 
Total REAL time to completion: 6 secs 

par done!

Copyright (c) 1991-1994 by NeoCAD Inc. All rights reserved.
Copyright (c) 1995 AT&T Corp.   All rights reserved.
Copyright (c) 1995-2001 Lucent Technologies Inc.  All rights reserved.
Copyright (c) 2001 Agere Systems   All rights reserved.
Copyright (c) 2002-2016 Lattice Semiconductor Corporation,  All rights reserved.
Exiting par with exit code 0
Exiting mpartrce with exit code 0

bitgen -f "Interface_BH1750_impl_Interface_BH1750.t2b" -w "Interface_BH1750_impl_Interface_BH1750.ncd" "Interface_BH1750_impl_Interface_BH1750.prf"


BITGEN: Bitstream Generator Diamond (64-bit) 3.8.0.115.3
Copyright (c) 1991-1994 by NeoCAD Inc. All rights reserved.
Copyright (c) 1995 AT&T Corp.   All rights reserved.
Copyright (c) 1995-2001 Lucent Technologies Inc.  All rights reserved.
Copyright (c) 2001 Agere Systems   All rights reserved.
Copyright (c) 2002-2016 Lattice Semiconductor Corporation,  All rights reserved.


Loading design for application Bitgen from file Interface_BH1750_impl_Interface_BH1750.ncd.
Design name: Interface_BH1750
NCD version: 3.3
Vendor:      LATTICE
Device:      LCMXO2-4000HC
Package:     CSBGA132
Performance: 4
Loading device for application Bitgen from file 'xo2c4000.nph' in environment: C:/lscc/diamond/3.8_x64/ispfpga.
Package Status:                     Final          Version 1.44.
Performance Hardware Data Status:   Final          Version 34.4.

Running DRC.
DRC detected 0 errors and 0 warnings.
Reading Preference File from Interface_BH1750_impl_Interface_BH1750.prf.

Preference Summary:
+---------------------------------+---------------------------------+
|  Preference                     |  Current Setting                |
+---------------------------------+---------------------------------+
|                         RamCfg  |                        Reset**  |
+---------------------------------+---------------------------------+
|                     MCCLK_FREQ  |                         2.08**  |
+---------------------------------+---------------------------------+
|                  CONFIG_SECURE  |                          OFF**  |
+---------------------------------+---------------------------------+
|                      JTAG_PORT  |                       ENABLE**  |
+---------------------------------+---------------------------------+
|                       SDM_PORT  |                      DISABLE**  |
+---------------------------------+---------------------------------+
|                 SLAVE_SPI_PORT  |                      DISABLE**  |
+---------------------------------+---------------------------------+
|                MASTER_SPI_PORT  |                      DISABLE**  |
+---------------------------------+---------------------------------+
|                       I2C_PORT  |                      DISABLE**  |
+---------------------------------+---------------------------------+
|        MUX_CONFIGURATION_PORTS  |                      DISABLE**  |
+---------------------------------+---------------------------------+
|                  CONFIGURATION  |                          CFG**  |
+---------------------------------+---------------------------------+
|                COMPRESS_CONFIG  |                           ON**  |
+---------------------------------+---------------------------------+
|                        MY_ASSP  |                          OFF**  |
+---------------------------------+---------------------------------+
|               ONE_TIME_PROGRAM  |                          OFF**  |
+---------------------------------+---------------------------------+
|                 ENABLE_TRANSFR  |                      DISABLE**  |
+---------------------------------+---------------------------------+
|                  SHAREDEBRINIT  |                      DISABLE**  |
+---------------------------------+---------------------------------+
|            BACKGROUND_RECONFIG  |                          OFF**  |
+---------------------------------+---------------------------------+
 *  Default setting.
 ** The specified setting matches the default setting.


Creating bit map...
 
Bitstream Status: Final           Version 1.92.
 
Saving bit stream in "Interface_BH1750_impl_Interface_BH1750.bit".

bitgen -f "Interface_BH1750_impl_Interface_BH1750.t2b" -w "Interface_BH1750_impl_Interface_BH1750.ncd" -jedec "Interface_BH1750_impl_Interface_BH1750.prf"


BITGEN: Bitstream Generator Diamond (64-bit) 3.8.0.115.3
Copyright (c) 1991-1994 by NeoCAD Inc. All rights reserved.
Copyright (c) 1995 AT&T Corp.   All rights reserved.
Copyright (c) 1995-2001 Lucent Technologies Inc.  All rights reserved.
Copyright (c) 2001 Agere Systems   All rights reserved.
Copyright (c) 2002-2016 Lattice Semiconductor Corporation,  All rights reserved.


Loading design for application Bitgen from file Interface_BH1750_impl_Interface_BH1750.ncd.
Design name: Interface_BH1750
NCD version: 3.3
Vendor:      LATTICE
Device:      LCMXO2-4000HC
Package:     CSBGA132
Performance: 4
Loading device for application Bitgen from file 'xo2c4000.nph' in environment: C:/lscc/diamond/3.8_x64/ispfpga.
Package Status:                     Final          Version 1.44.
Performance Hardware Data Status:   Final          Version 34.4.

Running DRC.
DRC detected 0 errors and 0 warnings.
Reading Preference File from Interface_BH1750_impl_Interface_BH1750.prf.

Preference Summary:
+---------------------------------+---------------------------------+
|  Preference                     |  Current Setting                |
+---------------------------------+---------------------------------+
|                         RamCfg  |                        Reset**  |
+---------------------------------+---------------------------------+
|                     MCCLK_FREQ  |                         2.08**  |
+---------------------------------+---------------------------------+
|                  CONFIG_SECURE  |                          OFF**  |
+---------------------------------+---------------------------------+
|                      JTAG_PORT  |                       ENABLE**  |
+---------------------------------+---------------------------------+
|                       SDM_PORT  |                      DISABLE**  |
+---------------------------------+---------------------------------+
|                 SLAVE_SPI_PORT  |                      DISABLE**  |
+---------------------------------+---------------------------------+
|                MASTER_SPI_PORT  |                      DISABLE**  |
+---------------------------------+---------------------------------+
|                       I2C_PORT  |                      DISABLE**  |
+---------------------------------+---------------------------------+
|        MUX_CONFIGURATION_PORTS  |                      DISABLE**  |
+---------------------------------+---------------------------------+
|                  CONFIGURATION  |                          CFG**  |
+---------------------------------+---------------------------------+
|                COMPRESS_CONFIG  |                           ON**  |
+---------------------------------+---------------------------------+
|                        MY_ASSP  |                          OFF**  |
+---------------------------------+---------------------------------+
|               ONE_TIME_PROGRAM  |                          OFF**  |
+---------------------------------+---------------------------------+
|                 ENABLE_TRANSFR  |                      DISABLE**  |
+---------------------------------+---------------------------------+
|                  SHAREDEBRINIT  |                      DISABLE**  |
+---------------------------------+---------------------------------+
|            BACKGROUND_RECONFIG  |                          OFF**  |
+---------------------------------+---------------------------------+
 *  Default setting.
 ** The specified setting matches the default setting.


Creating bit map...
 
Bitstream Status: Final           Version 1.92.
 
Saving bit stream in "Interface_BH1750_impl_Interface_BH1750.jed".
 
===========
UFM Summary.
===========
UFM Size:        767 Pages (128*767 Bits).
UFM Utilization: General Purpose Flash Memory.
 
Available General Purpose Flash Memory:  767 Pages (Page 0 to Page 766).
Initialized UFM Pages:                     0 Page.
 
